# JRE version: OpenJDK Runtime Environment (17.0.9) (build 17.0.9+0--11185874)
# Java VM: OpenJDK 64-Bit Server VM (17.0.9+0--11185874, mixed mode, tiered, compressed oops, compressed class ptrs, g1 gc, windows-amd64)
GC Precious Log:
 CPUs: 12 total, 12 available
 Memory: 7503M
 Large Page Support: Disabled
 NUMA Support: Disabled
 Compressed Oops: Enabled (32-bit)
 Heap Region Size: 1M
 Heap Min Capacity: 8M
 Heap Initial Capacity: 118M
 Heap Max Capacity: 1876M
 Pre-touch: Disabled
 Parallel Workers: 10
 Concurrent Workers: 3
 Concurrent Refinement Workers: 10
 Periodic GC: Disabled
Heap:
 garbage-first heap   total 78848K, used 31032K [0x000000008ac00000, 0x0000000100000000)
  region size 1024K, 6 young (6144K), 5 survivors (5120K)
 Metaspace       used 44816K, committed 44992K, reserved 1114112K
  class space    used 5304K, committed 5376K, reserved 1048576K
GC Heap History (20 events):
Event: 1.548 GC heap after
{Heap after GC invocations=2 (full 0):
 garbage-first heap   total 120832K, used 7775K [0x000000008ac00000, 0x0000000100000000)
  region size 1024K, 1 young (1024K), 1 survivors (1024K)
 Metaspace       used 21336K, committed 21504K, reserved 1114112K
  class space    used 2406K, committed 2496K, reserved 1048576K
}
Event: 1.962 GC heap before
{Heap before GC invocations=3 (full 0):
 garbage-first heap   total 30720K, used 25183K [0x000000008ac00000, 0x0000000100000000)
  region size 1024K, 17 young (17408K), 1 survivors (1024K)
 Metaspace       used 22974K, committed 23232K, reserved 1114112K
  class space    used 2778K, committed 2880K, reserved 1048576K
}
Event: 1.972 GC heap after
{Heap after GC invocations=4 (full 0):
 garbage-first heap   total 31744K, used 13387K [0x000000008ac00000, 0x0000000100000000)
  region size 1024K, 3 young (3072K), 3 survivors (3072K)
 Metaspace       used 22974K, committed 23232K, reserved 1114112K
  class space    used 2778K, committed 2880K, reserved 1048576K
}
Event: 1.977 GC heap before
{Heap before GC invocations=4 (full 0):
 garbage-first heap   total 31744K, used 14411K [0x000000008ac00000, 0x0000000100000000)
  region size 1024K, 4 young (4096K), 3 survivors (3072K)
 Metaspace       used 22974K, committed 23232K, reserved 1114112K
  class space    used 2778K, committed 2880K, reserved 1048576K
}
Event: 1.983 GC heap after
{Heap after GC invocations=5 (full 0):
 garbage-first heap   total 31744K, used 14316K [0x000000008ac00000, 0x0000000100000000)
  region size 1024K, 1 young (1024K), 1 survivors (1024K)
 Metaspace       used 22974K, committed 23232K, reserved 1114112K
  class space    used 2778K, committed 2880K, reserved 1048576K
}
Event: 2.229 GC heap before
{Heap before GC invocations=5 (full 0):
 garbage-first heap   total 31744K, used 20460K [0x000000008ac00000, 0x0000000100000000)
  region size 1024K, 8 young (8192K), 1 survivors (1024K)
 Metaspace       used 24884K, committed 25088K, reserved 1114112K
  class space    used 3198K, committed 3264K, reserved 1048576K
}
Event: 2.233 GC heap after
{Heap after GC invocations=6 (full 0):
 garbage-first heap   total 31744K, used 15636K [0x000000008ac00000, 0x0000000100000000)
  region size 1024K, 1 young (1024K), 1 survivors (1024K)
 Metaspace       used 24884K, committed 25088K, reserved 1114112K
  class space    used 3198K, committed 3264K, reserved 1048576K
}
Event: 2.402 GC heap before
{Heap before GC invocations=7 (full 0):
 garbage-first heap   total 31744K, used 21780K [0x000000008ac00000, 0x0000000100000000)
  region size 1024K, 7 young (7168K), 1 survivors (1024K)
 Metaspace       used 26959K, committed 27136K, reserved 1114112K
  class space    used 3435K, committed 3520K, reserved 1048576K
}
Event: 2.405 GC heap after
{Heap after GC invocations=8 (full 0):
 garbage-first heap   total 65536K, used 15967K [0x000000008ac00000, 0x0000000100000000)
  region size 1024K, 1 young (1024K), 1 survivors (1024K)
 Metaspace       used 26959K, committed 27136K, reserved 1114112K
  class space    used 3435K, committed 3520K, reserved 1048576K
}
Event: 2.922 GC heap before
{Heap before GC invocations=8 (full 0):
 garbage-first heap   total 65536K, used 37471K [0x000000008ac00000, 0x0000000100000000)
  region size 1024K, 23 young (23552K), 1 survivors (1024K)
 Metaspace       used 31426K, committed 31680K, reserved 1114112K
  class space    used 3921K, committed 4032K, reserved 1048576K
}
Event: 2.928 GC heap after
{Heap after GC invocations=9 (full 0):
 garbage-first heap   total 65536K, used 16819K [0x000000008ac00000, 0x0000000100000000)
  region size 1024K, 3 young (3072K), 3 survivors (3072K)
 Metaspace       used 31426K, committed 31680K, reserved 1114112K
  class space    used 3921K, committed 4032K, reserved 1048576K
}
Event: 3.374 GC heap before
{Heap before GC invocations=9 (full 0):
 garbage-first heap   total 65536K, used 39347K [0x000000008ac00000, 0x0000000100000000)
  region size 1024K, 26 young (26624K), 3 survivors (3072K)
 Metaspace       used 36315K, committed 36480K, reserved 1114112K
  class space    used 4381K, committed 4480K, reserved 1048576K
}
Event: 3.381 GC heap after
{Heap after GC invocations=10 (full 0):
 garbage-first heap   total 65536K, used 18866K [0x000000008ac00000, 0x0000000100000000)
  region size 1024K, 2 young (2048K), 2 survivors (2048K)
 Metaspace       used 36315K, committed 36480K, reserved 1114112K
  class space    used 4381K, committed 4480K, reserved 1048576K
}
Event: 3.971 GC heap before
{Heap before GC invocations=10 (full 0):
 garbage-first heap   total 65536K, used 45490K [0x000000008ac00000, 0x0000000100000000)
  region size 1024K, 26 young (26624K), 2 survivors (2048K)
 Metaspace       used 41666K, committed 41920K, reserved 1114112K
  class space    used 5001K, committed 5120K, reserved 1048576K
}
Event: 3.980 GC heap after
{Heap after GC invocations=11 (full 0):
 garbage-first heap   total 65536K, used 24223K [0x000000008ac00000, 0x0000000100000000)
  region size 1024K, 4 young (4096K), 4 survivors (4096K)
 Metaspace       used 41666K, committed 41920K, reserved 1114112K
  class space    used 5001K, committed 5120K, reserved 1048576K
}
Event: 4.067 GC heap before
{Heap before GC invocations=11 (full 0):
 garbage-first heap   total 65536K, used 44703K [0x000000008ac00000, 0x0000000100000000)
  region size 1024K, 25 young (25600K), 4 survivors (4096K)
 Metaspace       used 41806K, committed 42048K, reserved 1114112K
  class space    used 5003K, committed 5120K, reserved 1048576K
}
Event: 4.073 GC heap after
{Heap after GC invocations=12 (full 0):
 garbage-first heap   total 78848K, used 25248K [0x000000008ac00000, 0x0000000100000000)
  region size 1024K, 1 young (1024K), 1 survivors (1024K)
 Metaspace       used 41806K, committed 42048K, reserved 1114112K
  class space    used 5003K, committed 5120K, reserved 1048576K
}
Event: 4.078 GC heap before
{Heap before GC invocations=12 (full 0):
 garbage-first heap   total 78848K, used 25248K [0x000000008ac00000, 0x0000000100000000)
  region size 1024K, 2 young (2048K), 1 survivors (1024K)
 Metaspace       used 41857K, committed 42048K, reserved 1114112K
  class space    used 5010K, committed 5120K, reserved 1048576K
}
Event: 4.079 GC heap after
{Heap after GC invocations=13 (full 0):
 garbage-first heap   total 78848K, used 25020K [0x000000008ac00000, 0x0000000100000000)
  region size 1024K, 1 young (1024K), 1 survivors (1024K)
 Metaspace       used 41857K, committed 42048K, reserved 1114112K
  class space    used 5010K, committed 5120K, reserved 1048576K
}
Event: 4.771 GC heap before
{Heap before GC invocations=14 (full 0):
 garbage-first heap   total 78848K, used 58812K [0x000000008ac00000, 0x0000000100000000)
  region size 1024K, 34 young (34816K), 1 survivors (1024K)
 Metaspace       used 44783K, committed 44928K, reserved 1114112K
  class space    used 5302K, committed 5376K, reserved 1048576K
}

